<?xml version="1.0" encoding="UTF-8"?>
<!-- Generated by org.testng.reporters.JUnitReportReporter -->
<testsuite skipped="0" hostname="shashikanth-PC" name="com.cogmento.testcases.CogmentoHappyPathTests" tests="1" failures="0" timestamp="21 Jan 2020 01:50:19 GMT" time="133.466" errors="0">
  <testcase name="addCompanyTest" time="133.466" classname="com.cogmento.testcases.CogmentoHappyPathTests"/>
</testsuite> <!-- com.cogmento.testcases.CogmentoHappyPathTests -->
