<?xml version="1.0" encoding="UTF-8"?>
<!-- Generated by org.testng.reporters.JUnitReportReporter -->
<testsuite skipped="0" hostname="shashikanth-PC" name="com.freecrm.testcases.TheWholeNineYards" tests="1" failures="0" timestamp="27 Dec 2019 23:06:41 GMT" time="40.782" errors="0">
  <testcase name="TheWholeNineYardsTest" time="40.782" classname="com.freecrm.testcases.TheWholeNineYards"/>
</testsuite> <!-- com.freecrm.testcases.TheWholeNineYards -->
