<?xml version="1.0" encoding="UTF-8"?>
<!-- Generated by org.testng.reporters.JUnitReportReporter -->
<testsuite skipped="0" hostname="shashikanth-PC" name="com.cogmento.testcases.CogmentoHappyPathTests" tests="1" failures="0" timestamp="21 Jan 2020 05:10:24 GMT" time="188.730" errors="0">
  <testcase name="addCompanyTest" time="188.730" classname="com.cogmento.testcases.CogmentoHappyPathTests"/>
</testsuite> <!-- com.cogmento.testcases.CogmentoHappyPathTests -->
