<?xml version="1.0" encoding="UTF-8"?>
<!-- Generated by org.testng.reporters.JUnitReportReporter -->
<testsuite skipped="0" hostname="shashikanth-PC" name="com.cogmento.testcases.CogmentoHappyPathTests" tests="1" failures="0" timestamp="14 Jan 2020 22:56:05 GMT" time="132.272" errors="0">
  <testcase name="addCompanyTest" time="132.272" classname="com.cogmento.testcases.CogmentoHappyPathTests"/>
</testsuite> <!-- com.cogmento.testcases.CogmentoHappyPathTests -->
