<?xml version="1.0" encoding="UTF-8"?>
<!-- Generated by org.testng.reporters.JUnitReportReporter -->
<testsuite skipped="0" hostname="shashikanth-PC" name="com.freecrm.testcases.CogmentoHappyPathTests" tests="1" failures="0" timestamp="14 Jan 2020 17:29:34 GMT" time="110.986" errors="0">
  <testcase name="addCompanyTest" time="110.986" classname="com.freecrm.testcases.CogmentoHappyPathTests"/>
</testsuite> <!-- com.freecrm.testcases.CogmentoHappyPathTests -->
